2022-07-10 13:30:57	[LOG]:	[{Gilbert test description} {Gilbert2 test description} {Gilbert3 test description} {Gilbert4 test description}]
2022-07-10 13:30:57	[LOG]:	Gilbert
2022-07-10 13:30:57	[LOG]:	4
2022-07-10 13:30:57	[LOG]:	[[123 34 110 97 109 101 34 58 32 34 71 105 108 98 101 114 116 34 44 32 34 100 101 115 99 114 105 112 116 105 111 110 34 58 34 116 101 115 116 32 100 101 115 99 114 105 112 116 105 111 110 34 125] [123 34 110 97 109 101 34 58 32 34 71 105 108 98 101 114 116 50 34 44 32 34 100 101 115 99 114 105 112 116 105 111 110 34 58 34 116 101 115 116 32 100 101 115 99 114 105 112 116 105 111 110 34 125] [123 34 110 97 109 101 34 58 32 34 71 105 108 98 101 114 116 51 34 44 32 34 100 101 115 99 114 105 112 116 105 111 110 34 58 34 116 101 115 116 32 100 101 115 99 114 105 112 116 105 111 110 34 125] [123 34 110 97 109 101 34 58 32 34 71 105 108 98 101 114 116 52 34 44 32 34 100 101 115 99 114 105 112 116 105 111 110 34 58 34 116 101 115 116 32 100 101 115 99 114 105 112 116 105 111 110 34 125]]
2022-07-10 13:32:06	[LOG]:	line: %s
 {"name": "Gilbert", "description":"test description"}
2022-07-10 13:32:06	[LOG]:	line: %s
 {"name": "Gilbert2", "description":"test description"}
2022-07-10 13:32:06	[LOG]:	line: %s
 {"name": "Gilbert3", "description":"test description"}
2022-07-10 13:32:06	[LOG]:	line: %s
 {"name": "Gilbert4", "description":"test description"}
2022-07-10 13:32:06	[LOG]:	[{Gilbert test description} {Gilbert2 test description} {Gilbert3 test description} {Gilbert4 test description}]
2022-07-10 13:32:06	[LOG]:	Gilbert
2022-07-10 13:32:06	[LOG]:	4
2022-07-10 13:32:06	[LOG]:	[[123 34 110 97 109 101 34 58 32 34 71 105 108 98 101 114 116 34 44 32 34 100 101 115 99 114 105 112 116 105 111 110 34 58 34 116 101 115 116 32 100 101 115 99 114 105 112 116 105 111 110 34 125] [123 34 110 97 109 101 34 58 32 34 71 105 108 98 101 114 116 50 34 44 32 34 100 101 115 99 114 105 112 116 105 111 110 34 58 34 116 101 115 116 32 100 101 115 99 114 105 112 116 105 111 110 34 125] [123 34 110 97 109 101 34 58 32 34 71 105 108 98 101 114 116 51 34 44 32 34 100 101 115 99 114 105 112 116 105 111 110 34 58 34 116 101 115 116 32 100 101 115 99 114 105 112 116 105 111 110 34 125] [123 34 110 97 109 101 34 58 32 34 71 105 108 98 101 114 116 52 34 44 32 34 100 101 115 99 114 105 112 116 105 111 110 34 58 34 116 101 115 116 32 100 101 115 99 114 105 112 116 105 111 110 34 125]]
2022-07-10 13:32:53	[LOG]:	{"name": "Gilbert", "description":"test description"}
2022-07-10 13:32:53	[LOG]:	{"name": "Gilbert2", "description":"test description"}
2022-07-10 13:32:53	[LOG]:	{"name": "Gilbert3", "description":"test description"}
2022-07-10 13:32:53	[LOG]:	{"name": "Gilbert4", "description":"test description"}
2022-07-10 13:32:53	[LOG]:	[{Gilbert test description} {Gilbert2 test description} {Gilbert3 test description} {Gilbert4 test description}]
2022-07-10 13:32:53	[LOG]:	Gilbert
2022-07-10 13:32:53	[LOG]:	4
2022-07-10 13:32:53	[LOG]:	[[123 34 110 97 109 101 34 58 32 34 71 105 108 98 101 114 116 34 44 32 34 100 101 115 99 114 105 112 116 105 111 110 34 58 34 116 101 115 116 32 100 101 115 99 114 105 112 116 105 111 110 34 125] [123 34 110 97 109 101 34 58 32 34 71 105 108 98 101 114 116 50 34 44 32 34 100 101 115 99 114 105 112 116 105 111 110 34 58 34 116 101 115 116 32 100 101 115 99 114 105 112 116 105 111 110 34 125] [123 34 110 97 109 101 34 58 32 34 71 105 108 98 101 114 116 51 34 44 32 34 100 101 115 99 114 105 112 116 105 111 110 34 58 34 116 101 115 116 32 100 101 115 99 114 105 112 116 105 111 110 34 125] [123 34 110 97 109 101 34 58 32 34 71 105 108 98 101 114 116 52 34 44 32 34 100 101 115 99 114 105 112 116 105 111 110 34 58 34 116 101 115 116 32 100 101 115 99 114 105 112 116 105 111 110 34 125]]
2022-07-10 14:27:05	[LOG]:	root:rootpassword@(127.0.0.1)/tyk?charset=utf8&parseTime=True&loc=Local
2022-07-10 14:27:05	[LOG]:	{"name": "Gilbert", "description":"test description"}
2022-07-10 14:27:05	[LOG]:	{"name": "Gilbert2", "description":"test description"}
2022-07-10 14:27:05	[LOG]:	{"name": "Gilbert3", "description":"test description"}
2022-07-10 14:27:05	[LOG]:	{"name": "Gilbert4", "description":"test description"}
2022-07-10 14:27:05	[LOG]:	[{Gilbert test description} {Gilbert2 test description} {Gilbert3 test description} {Gilbert4 test description}]
2022-07-10 14:27:05	[LOG]:	Gilbert
2022-07-10 14:27:05	[LOG]:	4
2022-07-10 14:27:05	[LOG]:	[[123 34 110 97 109 101 34 58 32 34 71 105 108 98 101 114 116 34 44 32 34 100 101 115 99 114 105 112 116 105 111 110 34 58 34 116 101 115 116 32 100 101 115 99 114 105 112 116 105 111 110 34 125] [123 34 110 97 109 101 34 58 32 34 71 105 108 98 101 114 116 50 34 44 32 34 100 101 115 99 114 105 112 116 105 111 110 34 58 34 116 101 115 116 32 100 101 115 99 114 105 112 116 105 111 110 34 125] [123 34 110 97 109 101 34 58 32 34 71 105 108 98 101 114 116 51 34 44 32 34 100 101 115 99 114 105 112 116 105 111 110 34 58 34 116 101 115 116 32 100 101 115 99 114 105 112 116 105 111 110 34 125] [123 34 110 97 109 101 34 58 32 34 71 105 108 98 101 114 116 52 34 44 32 34 100 101 115 99 114 105 112 116 105 111 110 34 58 34 116 101 115 116 32 100 101 115 99 114 105 112 116 105 111 110 34 125]]
2022-07-10 14:31:02	[LOG]:	root:rootpassword@(127.0.0.1)/tyk?charset=utf8&parseTime=True&loc=Local
2022-07-10 14:31:02	[LOG]:	{"name": "Gilbert", "description":"test description"}
2022-07-10 14:31:02	[LOG]:	{"name": "Gilbert2", "description":"test description"}
2022-07-10 14:31:02	[LOG]:	{"name": "Gilbert3", "description":"test description"}
2022-07-10 14:31:02	[LOG]:	{"name": "Gilbert4", "description":"test description"}
2022-07-10 14:31:02	[LOG]:	[{Gilbert test description} {Gilbert2 test description} {Gilbert3 test description} {Gilbert4 test description}]
2022-07-10 14:31:02	[LOG]:	Gilbert
2022-07-10 14:31:02	[LOG]:	4
2022-07-10 14:31:02	[LOG]:	[[123 34 110 97 109 101 34 58 32 34 71 105 108 98 101 114 116 34 44 32 34 100 101 115 99 114 105 112 116 105 111 110 34 58 34 116 101 115 116 32 100 101 115 99 114 105 112 116 105 111 110 34 125] [123 34 110 97 109 101 34 58 32 34 71 105 108 98 101 114 116 50 34 44 32 34 100 101 115 99 114 105 112 116 105 111 110 34 58 34 116 101 115 116 32 100 101 115 99 114 105 112 116 105 111 110 34 125] [123 34 110 97 109 101 34 58 32 34 71 105 108 98 101 114 116 51 34 44 32 34 100 101 115 99 114 105 112 116 105 111 110 34 58 34 116 101 115 116 32 100 101 115 99 114 105 112 116 105 111 110 34 125] [123 34 110 97 109 101 34 58 32 34 71 105 108 98 101 114 116 52 34 44 32 34 100 101 115 99 114 105 112 116 105 111 110 34 58 34 116 101 115 116 32 100 101 115 99 114 105 112 116 105 111 110 34 125]]
2022-07-10 15:35:50	[LOG]:	root:rootpassword@(127.0.0.1)/tyk?charset=utf8&parseTime=True&loc=Local
2022-07-10 15:35:50	[LOG]:	{"name": "Gilbert", "description":"test description"}
2022-07-10 15:35:50	[LOG]:	{"name": "Gilbert2", "description":"test description"}
2022-07-10 15:35:50	[LOG]:	{"name": "Gilbert3", "description":"test description"}
2022-07-10 15:35:50	[LOG]:	{"name": "Gilbert4", "description":"test description"}
2022-07-10 15:35:50	[LOG]:	[{Gilbert test description} {Gilbert2 test description} {Gilbert3 test description} {Gilbert4 test description}]
2022-07-10 15:35:50	[LOG]:	Gilbert
2022-07-10 15:35:50	[LOG]:	task created => {{1 2022-07-10 15:35:50.93716407 +0100 WAT m=+0.013543722 2022-07-10 15:35:50.93716407 +0100 WAT m=+0.013543722 <nil>} {Gilbert test description}}
2022-07-10 15:35:50	[LOG]:	saving ==> {Gilbert test description} with index => 0 into the database
2022-07-10 15:35:50	[LOG]:	task created => {{2 2022-07-10 15:35:50.940592132 +0100 WAT m=+0.016971784 2022-07-10 15:35:50.940592132 +0100 WAT m=+0.016971784 <nil>} {Gilbert2 test description}}
2022-07-10 15:35:50	[LOG]:	saving ==> {Gilbert2 test description} with index => 1 into the database
2022-07-10 15:35:50	[LOG]:	task created => {{3 2022-07-10 15:35:50.945272495 +0100 WAT m=+0.021652147 2022-07-10 15:35:50.945272495 +0100 WAT m=+0.021652147 <nil>} {Gilbert3 test description}}
2022-07-10 15:35:50	[LOG]:	saving ==> {Gilbert3 test description} with index => 2 into the database
2022-07-10 15:35:50	[LOG]:	task created => {{4 2022-07-10 15:35:50.951384136 +0100 WAT m=+0.027763789 2022-07-10 15:35:50.951384136 +0100 WAT m=+0.027763789 <nil>} {Gilbert4 test description}}
2022-07-10 15:35:50	[LOG]:	saving ==> {Gilbert4 test description} with index => 3 into the database
2022-07-10 15:37:21	[LOG]:	root:rootpassword@(127.0.0.1)/tyk?charset=utf8&parseTime=True&loc=Local
2022-07-10 15:37:21	[LOG]:	{"name": "Gilbert", "description":"test description"}
2022-07-10 15:37:21	[LOG]:	{"name": "Gilbert2", "description":"test description"}
2022-07-10 15:37:21	[LOG]:	{"name": "Gilbert3", "description":"test description"}
2022-07-10 15:37:21	[LOG]:	{"name": "Gilbert4", "description":"test description"}
2022-07-10 15:37:21	[LOG]:	[{Gilbert test description} {Gilbert2 test description} {Gilbert3 test description} {Gilbert4 test description}]
2022-07-10 15:37:21	[LOG]:	Gilbert
2022-07-10 15:37:55	[LOG]:	root:rootpassword@(127.0.0.1)/tyk?charset=utf8&parseTime=True&loc=Local
2022-07-10 15:37:55	[LOG]:	{"name": "Gilbert", "description":"test description"}
2022-07-10 15:37:55	[LOG]:	{"name": "Gilbert2", "description":"test description"}
2022-07-10 15:37:55	[LOG]:	{"name": "Gilbert3", "description":"test description"}
2022-07-10 15:37:55	[LOG]:	{"name": "Gilbert4", "description":"test description"}
2022-07-10 15:37:55	[LOG]:	[{Gilbert test description} {Gilbert2 test description} {Gilbert3 test description} {Gilbert4 test description}]
2022-07-10 15:37:55	[LOG]:	Gilbert
2022-07-10 15:37:55	[LOG]:	task created => {{1 2022-07-10 15:37:55.905287513 +0100 WAT m=+0.011357984 2022-07-10 15:37:55.905287513 +0100 WAT m=+0.011357984 <nil>} {Gilbert test description}}
2022-07-10 15:37:55	[LOG]:	saving ==> {Gilbert test description} with index => 0 into the database
2022-07-10 15:37:55	[LOG]:	task created => {{2 2022-07-10 15:37:55.911349045 +0100 WAT m=+0.017419516 2022-07-10 15:37:55.911349045 +0100 WAT m=+0.017419516 <nil>} {Gilbert2 test description}}
2022-07-10 15:37:55	[LOG]:	saving ==> {Gilbert2 test description} with index => 1 into the database
2022-07-10 15:37:55	[LOG]:	task created => {{3 2022-07-10 15:37:55.915611339 +0100 WAT m=+0.021681868 2022-07-10 15:37:55.915611339 +0100 WAT m=+0.021681868 <nil>} {Gilbert3 test description}}
2022-07-10 15:37:55	[LOG]:	saving ==> {Gilbert3 test description} with index => 2 into the database
2022-07-10 15:37:55	[LOG]:	task created => {{4 2022-07-10 15:37:55.920755616 +0100 WAT m=+0.026826176 2022-07-10 15:37:55.920755616 +0100 WAT m=+0.026826176 <nil>} {Gilbert4 test description}}
2022-07-10 15:37:55	[LOG]:	saving ==> {Gilbert4 test description} with index => 3 into the database
2022-07-10 15:42:22	[LOG]:	root:rootpassword@(127.0.0.1)/tyk?charset=utf8&parseTime=True&loc=Local
2022-07-10 15:42:22	[LOG]:	{"name": "Gilbert", "description":"test description"}
2022-07-10 15:42:22	[LOG]:	{"name": "Gilbert2", "description":"test description"}
2022-07-10 15:42:22	[LOG]:	{"name": "Gilbert3", "description":"test description"}
2022-07-10 15:42:22	[LOG]:	{"name": "Gilbert4", "description":"test description"}
2022-07-10 15:42:22	[LOG]:	[{Gilbert test description} {Gilbert2 test description} {Gilbert3 test description} {Gilbert4 test description}]
2022-07-10 15:42:22	[LOG]:	Gilbert
2022-07-10 15:42:22	[LOG]:	saving ==> {Gilbert test description} with index => 0 into the database
2022-07-10 15:42:22	[LOG]:	task created => {{1 2022-07-10 15:42:22.910759387 +0100 WAT m=+0.013660501 2022-07-10 15:42:22.910759387 +0100 WAT m=+0.013660501 <nil>} {Gilbert test description}}
2022-07-10 15:42:22	[LOG]:	saving ==> {Gilbert2 test description} with index => 1 into the database
2022-07-10 15:42:22	[LOG]:	task created => {{2 2022-07-10 15:42:22.9157555 +0100 WAT m=+0.018656613 2022-07-10 15:42:22.9157555 +0100 WAT m=+0.018656613 <nil>} {Gilbert2 test description}}
2022-07-10 15:42:22	[LOG]:	saving ==> {Gilbert3 test description} with index => 2 into the database
2022-07-10 15:42:22	[LOG]:	task created => {{3 2022-07-10 15:42:22.919399729 +0100 WAT m=+0.022300844 2022-07-10 15:42:22.919399729 +0100 WAT m=+0.022300844 <nil>} {Gilbert3 test description}}
2022-07-10 15:42:22	[LOG]:	saving ==> {Gilbert4 test description} with index => 3 into the database
2022-07-10 15:42:22	[LOG]:	task created => {{4 2022-07-10 15:42:22.921978255 +0100 WAT m=+0.024879370 2022-07-10 15:42:22.921978255 +0100 WAT m=+0.024879370 <nil>} {Gilbert4 test description}}
2022-07-10 15:42:42	[LOG]:	root:rootpassword@(127.0.0.1)/tyk?charset=utf8&parseTime=True&loc=Local
2022-07-10 15:42:42	[LOG]:	{"name": "Gilbert", "description":"test description"}
2022-07-10 15:42:42	[LOG]:	{"name": "Gilbert2", "description":"test description"}
2022-07-10 15:42:42	[LOG]:	{"name": "Gilbert3", "description":"test description"}
2022-07-10 15:42:42	[LOG]:	{"name": "Gilbert4", "description":"test description"}
2022-07-10 15:42:42	[LOG]:	[{Gilbert test description} {Gilbert2 test description} {Gilbert3 test description} {Gilbert4 test description}]
2022-07-10 15:42:42	[LOG]:	Gilbert
2022-07-10 15:42:42	[LOG]:	saving ==> {Gilbert test description} with index => 0 into the database
2022-07-10 15:42:42	[LOG]:	task created => {{1 2022-07-10 15:42:42.045508629 +0100 WAT m=+0.013080485 2022-07-10 15:42:42.045508629 +0100 WAT m=+0.013080485 <nil>} {Gilbert test description}}
2022-07-10 15:42:42	[LOG]:	saving ==> {Gilbert2 test description} with index => 1 into the database
2022-07-10 15:42:42	[LOG]:	task created => {{2 2022-07-10 15:42:42.049793728 +0100 WAT m=+0.017365584 2022-07-10 15:42:42.049793728 +0100 WAT m=+0.017365584 <nil>} {Gilbert2 test description}}
2022-07-10 15:42:42	[LOG]:	saving ==> {Gilbert3 test description} with index => 2 into the database
2022-07-10 15:42:42	[LOG]:	task created => {{3 2022-07-10 15:42:42.051865923 +0100 WAT m=+0.019437784 2022-07-10 15:42:42.051865923 +0100 WAT m=+0.019437784 <nil>} {Gilbert3 test description}}
2022-07-10 15:42:42	[LOG]:	saving ==> {Gilbert4 test description} with index => 3 into the database
2022-07-10 15:42:42	[LOG]:	task created => {{4 2022-07-10 15:42:42.053792958 +0100 WAT m=+0.021364815 2022-07-10 15:42:42.053792958 +0100 WAT m=+0.021364815 <nil>} {Gilbert4 test description}}
2022-07-10 15:43:09	[LOG]:	root:rootpassword@(127.0.0.1)/tyk?charset=utf8&parseTime=True&loc=Local
2022-07-10 15:43:09	[LOG]:	{"name": "Gilbert", "description":"test description"}
2022-07-10 15:43:09	[LOG]:	{"name": "Gilbert2", "description":"test description"}
2022-07-10 15:43:09	[LOG]:	{"name": "Gilbert3", "description":"test description"}
2022-07-10 15:43:09	[LOG]:	{"name": "Gilbert4", "description":"test description"}
2022-07-10 15:43:09	[LOG]:	[{Gilbert test description} {Gilbert2 test description} {Gilbert3 test description} {Gilbert4 test description}]
2022-07-10 15:43:09	[LOG]:	Gilbert
2022-07-10 15:51:30	[LOG]:	root:rootpassword@(127.0.0.1)/tyk?charset=utf8&parseTime=True&loc=Local
2022-07-10 15:51:30	[LOG]:	{"name": "Gilbert", "description":"test description"}
2022-07-10 15:51:30	[LOG]:	{"name": "Gilbert2", "description":"test description"}
2022-07-10 15:51:30	[LOG]:	{"name": "Gilbert3", "description":"test description"}
2022-07-10 15:51:30	[LOG]:	{"name": "Gilbert4", "description":"test description"}
2022-07-10 15:51:30	[LOG]:	[{Gilbert test description} {Gilbert2 test description} {Gilbert3 test description} {Gilbert4 test description}]
2022-07-10 15:51:30	[LOG]:	Gilbert
2022-07-10 15:53:25	[LOG]:	root:rootpassword@(127.0.0.1)/tyk?charset=utf8&parseTime=True&loc=Local
2022-07-10 15:53:25	[LOG]:	{"name": "Gilbert", "description":"test description"}
2022-07-10 15:53:25	[LOG]:	{"name": "Gilbert2", "description":"test description"}
2022-07-10 15:53:25	[LOG]:	{"name": "Gilbert3", "description":"test description"}
2022-07-10 15:53:25	[LOG]:	{"name": "Gilbert4", "description":"test description"}
2022-07-10 15:53:25	[LOG]:	[{Gilbert test description} {Gilbert2 test description} {Gilbert3 test description} {Gilbert4 test description}]
2022-07-10 15:53:25	[LOG]:	Gilbert
2022-07-10 15:54:08	[LOG]:	root:rootpassword@(127.0.0.1)/tyk?charset=utf8&parseTime=True&loc=Local
2022-07-10 15:54:08	[LOG]:	{"name": "Gilbert", "description":"test description"}
2022-07-10 15:54:08	[LOG]:	{"name": "Gilbert2", "description":"test description"}
2022-07-10 15:54:08	[LOG]:	{"name": "Gilbert3", "description":"test description"}
2022-07-10 15:54:08	[LOG]:	{"name": "Gilbert4", "description":"test description"}
2022-07-10 15:54:08	[LOG]:	[{Gilbert test description} {Gilbert2 test description} {Gilbert3 test description} {Gilbert4 test description}]
2022-07-10 15:54:08	[LOG]:	Gilbert
2022-07-10 15:54:08	[LOG]:	saving ==> {Gilbert test description} with index => 0 into the database
2022-07-10 15:54:08	[LOG]:	task created => {{1 2022-07-10 15:54:08.822801292 +0100 WAT m=+0.011830621 2022-07-10 15:54:08.822801292 +0100 WAT m=+0.011830621 <nil>} {Gilbert test description}}
2022-07-10 15:54:08	[LOG]:	saving ==> {Gilbert2 test description} with index => 1 into the database
2022-07-10 15:54:08	[LOG]:	task created => {{2 2022-07-10 15:54:08.82703819 +0100 WAT m=+0.016067525 2022-07-10 15:54:08.82703819 +0100 WAT m=+0.016067525 <nil>} {Gilbert2 test description}}
2022-07-10 15:54:08	[LOG]:	saving ==> {Gilbert3 test description} with index => 2 into the database
2022-07-10 15:54:08	[LOG]:	task created => {{3 2022-07-10 15:54:08.829681191 +0100 WAT m=+0.018710519 2022-07-10 15:54:08.829681191 +0100 WAT m=+0.018710519 <nil>} {Gilbert3 test description}}
2022-07-10 15:54:08	[LOG]:	saving ==> {Gilbert4 test description} with index => 3 into the database
2022-07-10 15:54:08	[LOG]:	task created => {{4 2022-07-10 15:54:08.83178561 +0100 WAT m=+0.020814941 2022-07-10 15:54:08.83178561 +0100 WAT m=+0.020814941 <nil>} {Gilbert4 test description}}
2022-07-10 20:10:00	[LOG]:	root:rootpassword@(127.0.0.1)/tyk?charset=utf8&parseTime=True&loc=Local
2022-07-10 20:10:00	[LOG]:	{"name": "Gilbert", "description":"test description"}
2022-07-10 20:10:00	[LOG]:	{"name": "Gilbert2", "description":"test description"}
2022-07-10 20:10:00	[LOG]:	{"name": "Gilbert3", "description":"test description"}
2022-07-10 20:10:00	[LOG]:	{"name": "Gilbert4", "description":"test description"}
2022-07-10 20:10:00	[LOG]:	[{Gilbert test description} {Gilbert2 test description} {Gilbert3 test description} {Gilbert4 test description}]
2022-07-10 20:10:00	[LOG]:	Gilbert
2022-07-10 20:17:39	[LOG]:	root:rootpassword@(127.0.0.1)/tyk?charset=utf8&parseTime=True&loc=Local
2022-07-10 20:17:39	[LOG]:	{"name": "Gilbert", "description":"test description"}
2022-07-10 20:17:39	[LOG]:	{"name": "Gilbert2", "description":"test description"}
2022-07-10 20:17:39	[LOG]:	{"name": "Gilbert3", "description":"test description"}
2022-07-10 20:17:39	[LOG]:	{"name": "Gilbert4", "description":"test description"}
2022-07-10 20:17:39	[LOG]:	[{Gilbert test description} {Gilbert2 test description} {Gilbert3 test description} {Gilbert4 test description}]
2022-07-10 20:17:39	[LOG]:	Gilbert
2022-07-10 20:17:39	[LOG]:	saving ==> {Gilbert test description} with index => 0 into the database
2022-07-10 20:17:39	[LOG]:	task created => {{1 2022-07-10 20:17:39.586117921 +0100 WAT m=+0.012243975 2022-07-10 20:17:39.586117921 +0100 WAT m=+0.012243975 <nil>} {Gilbert test description}}
2022-07-10 20:17:39	[LOG]:	saving ==> {Gilbert2 test description} with index => 1 into the database
2022-07-10 20:17:39	[LOG]:	task created => {{2 2022-07-10 20:17:39.58911868 +0100 WAT m=+0.015244733 2022-07-10 20:17:39.58911868 +0100 WAT m=+0.015244733 <nil>} {Gilbert2 test description}}
2022-07-10 20:17:39	[LOG]:	saving ==> {Gilbert3 test description} with index => 2 into the database
2022-07-10 20:17:39	[LOG]:	task created => {{3 2022-07-10 20:17:39.591020235 +0100 WAT m=+0.017146290 2022-07-10 20:17:39.591020235 +0100 WAT m=+0.017146290 <nil>} {Gilbert3 test description}}
2022-07-10 20:17:39	[LOG]:	saving ==> {Gilbert4 test description} with index => 3 into the database
2022-07-10 20:17:39	[LOG]:	task created => {{4 2022-07-10 20:17:39.593775064 +0100 WAT m=+0.019901118 2022-07-10 20:17:39.593775064 +0100 WAT m=+0.019901118 <nil>} {Gilbert4 test description}}
2022-07-10 20:22:34	[LOG]:	root:rootpassword@(127.0.0.1)/tyk?charset=utf8&parseTime=True&loc=Local
2022-07-10 20:22:34	[LOG]:	{"name": "Gilbert", "description":"test description"}
2022-07-10 20:22:34	[LOG]:	{"name": "Gilbert2", "description":"test description"}
2022-07-10 20:22:34	[LOG]:	{"name": "Gilbert3", "description":"test description"}
2022-07-10 20:22:34	[LOG]:	{"name": "Gilbert4", "description":"test description"}
2022-07-10 20:22:34	[LOG]:	[{Gilbert test description} {Gilbert2 test description} {Gilbert3 test description} {Gilbert4 test description}]
2022-07-10 20:22:34	[LOG]:	Gilbert
2022-07-10 20:22:34	[LOG]:	saving ==> {Gilbert test description} with index => 0 into the database
2022-07-10 20:22:34	[LOG]:	task created => {{1 2022-07-10 20:22:34.175299465 +0100 WAT m=+0.013213139 2022-07-10 20:22:34.175299465 +0100 WAT m=+0.013213139 <nil>} {Gilbert test description}}
2022-07-10 20:22:34	[LOG]:	saving ==> {Gilbert2 test description} with index => 1 into the database
2022-07-10 20:22:34	[LOG]:	task created => {{2 2022-07-10 20:22:34.178705201 +0100 WAT m=+0.016618877 2022-07-10 20:22:34.178705201 +0100 WAT m=+0.016618877 <nil>} {Gilbert2 test description}}
2022-07-10 20:22:34	[LOG]:	saving ==> {Gilbert3 test description} with index => 2 into the database
2022-07-10 20:22:34	[LOG]:	task created => {{3 2022-07-10 20:22:34.181894343 +0100 WAT m=+0.019808019 2022-07-10 20:22:34.181894343 +0100 WAT m=+0.019808019 <nil>} {Gilbert3 test description}}
2022-07-10 20:22:34	[LOG]:	saving ==> {Gilbert4 test description} with index => 3 into the database
2022-07-10 20:22:34	[LOG]:	task created => {{4 2022-07-10 20:22:34.183624101 +0100 WAT m=+0.021537788 2022-07-10 20:22:34.183624101 +0100 WAT m=+0.021537788 <nil>} {Gilbert4 test description}}
2022-07-10 20:22:34	[LOG]:	saving ==> {Gilbert test description} with index => 0 into the database
2022-07-10 20:22:34	[LOG]:	task created => {{5 2022-07-10 20:22:34.185789313 +0100 WAT m=+0.023702995 2022-07-10 20:22:34.185789313 +0100 WAT m=+0.023702995 <nil>} {Gilbert test description}}
2022-07-10 20:22:34	[LOG]:	saving ==> {Gilbert2 test description} with index => 1 into the database
2022-07-10 20:22:34	[LOG]:	task created => {{6 2022-07-10 20:22:34.187866328 +0100 WAT m=+0.025780012 2022-07-10 20:22:34.187866328 +0100 WAT m=+0.025780012 <nil>} {Gilbert2 test description}}
2022-07-10 20:22:34	[LOG]:	saving ==> {Gilbert3 test description} with index => 2 into the database
2022-07-10 20:22:34	[LOG]:	task created => {{7 2022-07-10 20:22:34.190518541 +0100 WAT m=+0.028432217 2022-07-10 20:22:34.190518541 +0100 WAT m=+0.028432217 <nil>} {Gilbert3 test description}}
2022-07-10 20:22:34	[LOG]:	saving ==> {Gilbert4 test description} with index => 3 into the database
2022-07-10 20:22:34	[LOG]:	task created => {{8 2022-07-10 20:22:34.19276238 +0100 WAT m=+0.030676057 2022-07-10 20:22:34.19276238 +0100 WAT m=+0.030676057 <nil>} {Gilbert4 test description}}
2022-07-10 23:57:05	[LOG]:	root:rootpassword@(127.0.0.1)/tyk?charset=utf8&parseTime=True&loc=Local
2022-07-10 23:57:05	[LOG]:	{"name": "Gilbert", "description":"test description"}
2022-07-10 23:57:05	[LOG]:	{"name": "Gilbert2", "description":"test description"}
2022-07-10 23:57:05	[LOG]:	{"name": "Gilbert3", "description":"test description"}
2022-07-10 23:57:05	[LOG]:	{"name": "Gilbert4", "description":"test description"}
2022-07-10 23:57:05	[LOG]:	[{Gilbert test description} {Gilbert2 test description} {Gilbert3 test description} {Gilbert4 test description}]
2022-07-10 23:57:05	[LOG]:	Gilbert
2022-07-10 23:57:05	[LOG]:	saving ==> {Gilbert test description} with index => 0 into the database
2022-07-10 23:57:05	[LOG]:	task created => {{9 2022-07-10 23:57:05.512368244 +0100 WAT m=+0.018519592 2022-07-10 23:57:05.512368244 +0100 WAT m=+0.018519592 <nil>} {Gilbert test description}}
2022-07-10 23:57:05	[LOG]:	saving ==> {Gilbert2 test description} with index => 1 into the database
2022-07-10 23:57:05	[LOG]:	task created => {{10 2022-07-10 23:57:05.520458658 +0100 WAT m=+0.026610064 2022-07-10 23:57:05.520458658 +0100 WAT m=+0.026610064 <nil>} {Gilbert2 test description}}
2022-07-10 23:57:05	[LOG]:	saving ==> {Gilbert3 test description} with index => 2 into the database
2022-07-10 23:57:05	[LOG]:	task created => {{11 2022-07-10 23:57:05.526258098 +0100 WAT m=+0.032409502 2022-07-10 23:57:05.526258098 +0100 WAT m=+0.032409502 <nil>} {Gilbert3 test description}}
2022-07-10 23:57:05	[LOG]:	saving ==> {Gilbert4 test description} with index => 3 into the database
2022-07-10 23:57:05	[LOG]:	task created => {{12 2022-07-10 23:57:05.53131365 +0100 WAT m=+0.037465056 2022-07-10 23:57:05.53131365 +0100 WAT m=+0.037465056 <nil>} {Gilbert4 test description}}
2022-07-10 23:57:05	[LOG]:	saving ==> {Gilbert test description} with index => 0 into the database
2022-07-10 23:57:05	[LOG]:	task created => {{13 2022-07-10 23:57:05.535563273 +0100 WAT m=+0.041714724 2022-07-10 23:57:05.535563273 +0100 WAT m=+0.041714724 <nil>} {Gilbert test description}}
2022-07-10 23:57:05	[LOG]:	saving ==> {Gilbert2 test description} with index => 1 into the database
2022-07-10 23:57:05	[LOG]:	task created => {{14 2022-07-10 23:57:05.539444955 +0100 WAT m=+0.045596373 2022-07-10 23:57:05.539444955 +0100 WAT m=+0.045596373 <nil>} {Gilbert2 test description}}
2022-07-10 23:57:05	[LOG]:	saving ==> {Gilbert3 test description} with index => 2 into the database
2022-07-10 23:57:05	[LOG]:	task created => {{15 2022-07-10 23:57:05.543862114 +0100 WAT m=+0.050013528 2022-07-10 23:57:05.543862114 +0100 WAT m=+0.050013528 <nil>} {Gilbert3 test description}}
2022-07-10 23:57:05	[LOG]:	saving ==> {Gilbert4 test description} with index => 3 into the database
2022-07-10 23:57:05	[LOG]:	task created => {{16 2022-07-10 23:57:05.548729157 +0100 WAT m=+0.054880566 2022-07-10 23:57:05.548729157 +0100 WAT m=+0.054880566 <nil>} {Gilbert4 test description}}
2022-07-10 23:57:29	[LOG]:	root:rootpassword@(127.0.0.1)/tyk?charset=utf8&parseTime=True&loc=Local
2022-07-10 23:57:29	[LOG]:	{"name": "Gilbert", "description":"test description"}
2022-07-10 23:57:29	[LOG]:	{"name": "Gilbert2", "description":"test description"}
2022-07-10 23:57:29	[LOG]:	{"name": "Gilbert3", "description":"test description"}
2022-07-10 23:57:29	[LOG]:	{"name": "Gilbert4", "description":"test description"}
2022-07-10 23:57:29	[LOG]:	[{Gilbert test description} {Gilbert2 test description} {Gilbert3 test description} {Gilbert4 test description}]
2022-07-10 23:57:29	[LOG]:	Gilbert
2022-07-10 23:57:29	[LOG]:	saving ==> {Gilbert test description} with index => 0 into the database
2022-07-10 23:57:29	[LOG]:	task created => {{1 2022-07-10 23:57:29.0723573 +0100 WAT m=+0.011993885 2022-07-10 23:57:29.0723573 +0100 WAT m=+0.011993885 <nil>} {Gilbert test description}}
2022-07-10 23:57:29	[LOG]:	saving ==> {Gilbert2 test description} with index => 1 into the database
2022-07-10 23:57:29	[LOG]:	task created => {{2 2022-07-10 23:57:29.075178374 +0100 WAT m=+0.014814959 2022-07-10 23:57:29.075178374 +0100 WAT m=+0.014814959 <nil>} {Gilbert2 test description}}
2022-07-10 23:57:29	[LOG]:	saving ==> {Gilbert3 test description} with index => 2 into the database
2022-07-10 23:57:29	[LOG]:	task created => {{3 2022-07-10 23:57:29.077506434 +0100 WAT m=+0.017143020 2022-07-10 23:57:29.077506434 +0100 WAT m=+0.017143020 <nil>} {Gilbert3 test description}}
2022-07-10 23:57:29	[LOG]:	saving ==> {Gilbert4 test description} with index => 3 into the database
2022-07-10 23:57:29	[LOG]:	task created => {{4 2022-07-10 23:57:29.079665829 +0100 WAT m=+0.019302414 2022-07-10 23:57:29.079665829 +0100 WAT m=+0.019302414 <nil>} {Gilbert4 test description}}
2022-07-10 23:57:29	[LOG]:	saving ==> {Gilbert test description} with index => 0 into the database
2022-07-10 23:57:29	[LOG]:	task created => {{5 2022-07-10 23:57:29.082124406 +0100 WAT m=+0.021760999 2022-07-10 23:57:29.082124406 +0100 WAT m=+0.021760999 <nil>} {Gilbert test description}}
2022-07-10 23:57:29	[LOG]:	saving ==> {Gilbert2 test description} with index => 1 into the database
2022-07-10 23:57:29	[LOG]:	task created => {{6 2022-07-10 23:57:29.08451337 +0100 WAT m=+0.024149956 2022-07-10 23:57:29.08451337 +0100 WAT m=+0.024149956 <nil>} {Gilbert2 test description}}
2022-07-10 23:57:29	[LOG]:	saving ==> {Gilbert3 test description} with index => 2 into the database
2022-07-10 23:57:29	[LOG]:	task created => {{7 2022-07-10 23:57:29.086554026 +0100 WAT m=+0.026190612 2022-07-10 23:57:29.086554026 +0100 WAT m=+0.026190612 <nil>} {Gilbert3 test description}}
2022-07-10 23:57:29	[LOG]:	saving ==> {Gilbert4 test description} with index => 3 into the database
2022-07-10 23:57:29	[LOG]:	task created => {{8 2022-07-10 23:57:29.088585702 +0100 WAT m=+0.028222288 2022-07-10 23:57:29.088585702 +0100 WAT m=+0.028222288 <nil>} {Gilbert4 test description}}
